[22:47:11] [main/INFO] (FabricLoader/GameProvider) Loading Minecraft 1.21.11 with Fabric Loader 0.18.4
[22:47:11] [main/INFO] (FabricLoader) Loading 51 mods:
	- bardrock 1.0.0
	- fabric-api 0.141.2+1.21.11
	- fabric-api-base 1.0.5+4ebb5c083e
	- fabric-api-lookup-api-v1 1.6.113+1fb1cde93e
	- fabric-biome-api-v1 17.1.1+4fc5413f3e
	- fabric-block-api-v1 1.1.10+4ebb5c083e
	- fabric-block-view-api-v2 1.0.39+4ebb5c083e
	- fabric-client-gametest-api-v1 4.3.5+bfe9fcf43e
	- fabric-command-api-v2 2.4.7+6b42a6003e
	- fabric-content-registries-v0 10.2.14+4fc5413f3e
	- fabric-convention-tags-v1 2.1.55+7f945d5b3e
	- fabric-convention-tags-v2 2.17.3+8ef948ba3e
	- fabric-crash-report-info-v1 0.3.23+4ebb5c083e
	- fabric-data-attachment-api-v1 1.8.47+eed0806f3e
	- fabric-data-generation-api-v1 23.4.0+69974c4e3e
	- fabric-dimensions-v1 4.0.28+4fc5413f3e
	- fabric-entity-events-v1 3.1.1+1d0ab4303e
	- fabric-events-interaction-v0 4.1.0+3b89ecf63e
	- fabric-game-rule-api-v1 2.0.3+4fc5413f3e
	- fabric-gametest-api-v1 3.1.27+4fc5413f3e
	- fabric-item-api-v1 11.5.20+d0c46b9e3e
	- fabric-item-group-api-v1 4.2.36+4fc5413f3e
	- fabric-key-binding-api-v1 1.1.7+4fc5413f3e
	- fabric-lifecycle-events-v1 2.6.15+4ebb5c083e
	- fabric-loot-api-v2 3.0.73+3f89f5a53e
	- fabric-loot-api-v3 2.0.20+78c8b4663e
	- fabric-message-api-v1 6.1.12+4ebb5c083e
	- fabric-model-loading-api-v1 6.0.14+4fc5413f3e
	- fabric-networking-api-v1 5.1.5+ae1e07683e
	- fabric-object-builder-api-v1 21.1.39+4fc5413f3e
	- fabric-particles-v1 4.2.11+4fc5413f3e
	- fabric-recipe-api-v1 8.2.3+4ebb5c083e
	- fabric-registry-sync-v0 6.2.5+1718722b3e
	- fabric-renderer-api-v1 8.0.2+f4ffd2e53e
	- fabric-renderer-indigo 5.0.2+f4ffd2e53e
	- fabric-rendering-fluids-v1 3.1.43+4ebb5c083e
	- fabric-rendering-v1 16.2.9+7edacff13e
	- fabric-resource-conditions-api-v1 5.0.35+4fc5413f3e
	- fabric-resource-loader-v0 3.3.4+4fc5413f3e
	- fabric-resource-loader-v1 1.0.10+78c8b4663e
	- fabric-screen-api-v1 3.1.7+4ebb5c083e
	- fabric-screen-handler-api-v1 1.3.161+4fc5413f3e
	- fabric-serialization-api-v1 1.0.5+4ebb5c083e
	- fabric-sound-api-v1 1.0.51+4fc5413f3e
	- fabric-tag-api-v1 1.2.20+4fc5413f3e
	- fabric-transfer-api-v1 6.0.24+4fc5413f3e
	- fabric-transitive-access-wideners-v1 7.1.0+014c8cec3e
	- fabricloader 0.18.4
	- java 21
	- minecraft 1.21.11
	- mixinextras 0.5.0
[22:47:12] [main/INFO] (FabricLoader/Mixin) SpongePowered MIXIN Subsystem Version=0.8.7 Source=file:/C:/Users/leifs/.gradle/caches/modules-2/files-2.1/net.fabricmc/sponge-mixin/0.17.0+mixin.0.8.7/cf31463202f72d03b0ef1e1e38e8ee71b7faaab6/sponge-mixin-0.17.0+mixin.0.8.7.jar Service=Knot/Fabric Env=CLIENT
[22:47:12] [main/INFO] (FabricLoader/Mixin) Loaded Fabric development mappings for mixin remapper!
[22:47:12] [main/INFO] (FabricLoader/Mixin) Compatibility level set to JAVA_21
[22:47:13] [main/INFO] (FabricLoader/MixinExtras|Service) Initializing MixinExtras via com.llamalad7.mixinextras.service.MixinExtrasServiceImpl(version=0.5.0).
[22:47:14] [Datafixer Bootstrap/INFO] (Minecraft) 287 Datafixer optimizations took 429 milliseconds
[22:47:19] [Render thread/INFO] (Minecraft) Environment: Environment[sessionHost=https://sessionserver.mojang.com, servicesHost=https://api.minecraftservices.com, profilesHost=https://api.mojang.com, name=PROD]
[22:47:19] [Render thread/INFO] (Minecraft) Setting user: Player919
[22:47:20] [Render thread/INFO] (bardrock) Hello Fabric world!
[22:47:20] [Render thread/INFO] (bardrock-client) Bardrock (client) initialized
[22:47:20] [Render thread/INFO] (Indigo) [Indigo] Registering Indigo renderer!
[22:47:20] [Download-2/ERROR] (Minecraft) Failed to fetch user properties
com.mojang.authlib.exceptions.InvalidCredentialsException: Status: 401
	at knot//com.mojang.authlib.exceptions.MinecraftClientHttpException.toAuthenticationException(MinecraftClientHttpException.java:59)
	at knot//com.mojang.authlib.yggdrasil.YggdrasilUserApiService.fetchProperties(YggdrasilUserApiService.java:150)
	at knot//net.minecraft.client.MinecraftClient.method_55608(MinecraftClient.java:457)
	at java.base/java.util.concurrent.CompletableFuture$AsyncSupply.run(CompletableFuture.java:1768)
	at java.base/java.util.concurrent.ThreadPoolExecutor.runWorker(ThreadPoolExecutor.java:1144)
	at java.base/java.util.concurrent.ThreadPoolExecutor$Worker.run(ThreadPoolExecutor.java:642)
	at java.base/java.lang.Thread.run(Thread.java:1583)
Caused by: com.mojang.authlib.exceptions.MinecraftClientHttpException: Status: 401
	at knot//com.mojang.authlib.minecraft.client.MinecraftClient.readInputStream(MinecraftClient.java:103)
	at knot//com.mojang.authlib.minecraft.client.MinecraftClient.get(MinecraftClient.java:56)
	at knot//com.mojang.authlib.yggdrasil.YggdrasilUserApiService.fetchProperties(YggdrasilUserApiService.java:121)
	... 5 more
[22:47:20] [Render thread/INFO] (Minecraft) Backend library: LWJGL version 3.3.3-snapshot
[22:47:21] [Render thread/INFO] (Minecraft) Using optional rendering extensions: GL_ARB_buffer_storage, GL_KHR_debug, GL_ARB_vertex_attrib_binding, GL_ARB_direct_state_access, GL_EXT_texture_filter_anisotropic
[22:47:21] [Render thread/INFO] (Minecraft) Reloading ResourceManager: vanilla, bardrock, fabric-api, fabric-api-base, fabric-api-lookup-api-v1, fabric-biome-api-v1, fabric-block-api-v1, fabric-block-view-api-v2, fabric-client-gametest-api-v1, fabric-command-api-v2, fabric-content-registries-v0, fabric-convention-tags-v1, fabric-convention-tags-v2, fabric-crash-report-info-v1, fabric-data-attachment-api-v1, fabric-data-generation-api-v1, fabric-dimensions-v1, fabric-entity-events-v1, fabric-events-interaction-v0, fabric-game-rule-api-v1, fabric-gametest-api-v1, fabric-item-api-v1, fabric-item-group-api-v1, fabric-key-binding-api-v1, fabric-lifecycle-events-v1, fabric-loot-api-v2, fabric-loot-api-v3, fabric-message-api-v1, fabric-model-loading-api-v1, fabric-networking-api-v1, fabric-object-builder-api-v1, fabric-particles-v1, fabric-recipe-api-v1, fabric-registry-sync-v0, fabric-renderer-api-v1, fabric-renderer-indigo, fabric-rendering-fluids-v1, fabric-rendering-v1, fabric-resource-conditions-api-v1, fabric-resource-loader-v0, fabric-resource-loader-v1, fabric-screen-api-v1, fabric-screen-handler-api-v1, fabric-serialization-api-v1, fabric-sound-api-v1, fabric-tag-api-v1, fabric-transfer-api-v1, fabric-transitive-access-wideners-v1, fabricloader
[22:47:22] [Download-2/INFO] (Minecraft) Could not authorize you against Realms server: java.lang.RuntimeException: Failed to parse into SignedJWT: FabricMC
[22:47:22] [Download-2/ERROR] (Minecraft) Failed to fetch Realms feature flags
net.minecraft.client.realms.exception.RealmsServiceException: Realms authentication error with message 'java.lang.RuntimeException: Failed to parse into SignedJWT: FabricMC'
	at knot//net.minecraft.client.realms.RealmsClient.execute(RealmsClient.java:526)
	at knot//net.minecraft.client.realms.RealmsClient.fetchFeatureFlags(RealmsClient.java:186)
	at java.base/java.util.concurrent.CompletableFuture$AsyncSupply.run(CompletableFuture.java:1768)
	at java.base/java.util.concurrent.ThreadPoolExecutor.runWorker(ThreadPoolExecutor.java:1144)
	at java.base/java.util.concurrent.ThreadPoolExecutor$Worker.run(ThreadPoolExecutor.java:642)
	at java.base/java.lang.Thread.run(Thread.java:1583)
[22:47:22] [Worker-Main-3/INFO] (Minecraft) Found unifont_all_no_pua-17.0.01.hex, loading
[22:47:22] [Worker-Main-7/INFO] (Minecraft) Found unifont_pua-17.0.01.hex, loading
[22:47:22] [Worker-Main-3/INFO] (Minecraft) Found unifont_jp_patch-17.0.01.hex, loading
[22:47:23] [Render thread/INFO] (Minecraft) OpenAL initialized on device OpenAL Soft on Speakers (Realtek High Definition Audio)
[22:47:23] [Render thread/INFO] (Minecraft) Sound engine started
[22:47:23] [Render thread/INFO] (Minecraft) Created: 512x256x0 minecraft:textures/atlas/particles.png-atlas
[22:47:23] [Render thread/INFO] (Minecraft) Created: 128x128x0 minecraft:textures/atlas/decorated_pot.png-atlas
[22:47:23] [Render thread/INFO] (Minecraft) Created: 2048x1024x0 minecraft:textures/atlas/armor_trims.png-atlas
[22:47:23] [Render thread/INFO] (Minecraft) Created: 512x256x0 minecraft:textures/atlas/paintings.png-atlas
[22:47:23] [Render thread/INFO] (Minecraft) Created: 1024x512x0 minecraft:textures/atlas/shield_patterns.png-atlas
[22:47:23] [Render thread/INFO] (Minecraft) Created: 2048x2048x4 minecraft:textures/atlas/blocks.png-atlas
[22:47:23] [Render thread/INFO] (Minecraft) Created: 512x512x0 minecraft:textures/atlas/chest.png-atlas
[22:47:23] [Render thread/INFO] (Minecraft) Created: 256x128x0 minecraft:textures/atlas/celestials.png-atlas
[22:47:23] [Render thread/INFO] (Minecraft) Created: 1024x512x0 minecraft:textures/atlas/banner_patterns.png-atlas
[22:47:23] [Render thread/INFO] (Minecraft) Created: 512x512x0 minecraft:textures/atlas/beds.png-atlas
[22:47:23] [Render thread/INFO] (Minecraft) Created: 1024x512x0 minecraft:textures/atlas/items.png-atlas
[22:47:23] [Render thread/INFO] (Minecraft) Created: 1024x1024x0 minecraft:textures/atlas/gui.png-atlas
[22:47:23] [Render thread/INFO] (Minecraft) Created: 128x64x0 minecraft:textures/atlas/map_decorations.png-atlas
[22:47:23] [Render thread/INFO] (Minecraft) Created: 512x256x0 minecraft:textures/atlas/signs.png-atlas
[22:47:23] [Render thread/INFO] (Minecraft) Created: 512x512x0 minecraft:textures/atlas/shulker_boxes.png-atlas
[22:47:24] [IO-Worker-1/INFO] (Minecraft) Could not authorize you against Realms server: java.lang.RuntimeException: Failed to parse into SignedJWT: FabricMC
[22:47:24] [IO-Worker-1/ERROR] (Minecraft) Couldn't connect to realms
net.minecraft.client.realms.exception.RealmsServiceException: Realms authentication error with message 'java.lang.RuntimeException: Failed to parse into SignedJWT: FabricMC'
	at knot//net.minecraft.client.realms.RealmsClient.execute(RealmsClient.java:526)
	at knot//net.minecraft.client.realms.RealmsClient.clientCompatible(RealmsClient.java:307)
	at knot//net.minecraft.client.realms.RealmsAvailability.method_52627(RealmsAvailability.java:48)
	at java.base/java.util.concurrent.CompletableFuture$AsyncSupply.run(CompletableFuture.java:1768)
	at java.base/java.util.concurrent.ThreadPoolExecutor.runWorker(ThreadPoolExecutor.java:1144)
	at java.base/java.util.concurrent.ThreadPoolExecutor$Worker.run(ThreadPoolExecutor.java:642)
	at java.base/java.lang.Thread.run(Thread.java:1583)
[22:47:34] [Render thread/INFO] (Minecraft) Loaded 1470 recipes
[22:47:34] [Render thread/INFO] (Minecraft) Loaded 1584 advancements
[22:47:34] [Render thread/INFO] (BiomeModificationImpl) Applied 0 biome modifications to 0 of 65 new biomes in 1.409 ms
[22:47:34] [Server thread/INFO] (Minecraft) Starting integrated minecraft server version 1.21.11
[22:47:34] [Server thread/INFO] (Minecraft) Generating keypair
[22:47:34] [Server thread/INFO] (Minecraft) Loading 0 persistent chunks...
[22:47:34] [Server thread/INFO] (Minecraft) Preparing spawn area: 16%
[22:47:35] [Server thread/INFO] (Minecraft) Loading 49 chunks for player spawn...
[22:47:35] [Server thread/INFO] (Minecraft) Preparing spawn area: 16%
[22:47:35] [Server thread/INFO] (Minecraft) Preparing spawn area: 100%
[22:47:35] [Server thread/INFO] (Minecraft) Time elapsed: 1033 ms
[22:47:35] [Server thread/INFO] (Minecraft) Player919[local:E:af306333] logged in with entity id 104 at (-4.85294556525246, 70.0, 25.83896708257927)
[22:47:35] [Server thread/INFO] (Minecraft) Player919 joined the game
[22:47:36] [Server thread/INFO] (Minecraft) Changing view distance to 16, from 10
[22:47:36] [Server thread/INFO] (Minecraft) Changing simulation distance to 12, from 0
[22:47:36] [Render thread/INFO] (Minecraft) Resizing Dynamic Transforms UBO, capacity limit of 2 reached during a single frame. New capacity will be 4.
[22:47:36] [Render thread/INFO] (Minecraft) Loaded 2 advancements
[22:47:36] [Render thread/INFO] (Minecraft) Resizing Dynamic Transforms UBO, capacity limit of 4 reached during a single frame. New capacity will be 8.
[22:47:36] [Render thread/INFO] (Minecraft) Resizing Chunk Sections UBO, capacity limit of 2 reached during a single frame. New capacity will be 4.
[22:47:36] [Render thread/INFO] (Minecraft) Resizing Chunk Sections UBO, capacity limit of 4 reached during a single frame. New capacity will be 8.
[22:47:36] [Render thread/INFO] (Minecraft) Resizing Chunk Sections UBO, capacity limit of 8 reached during a single frame. New capacity will be 16.
[22:47:36] [Render thread/INFO] (Minecraft) Resizing Chunk Sections UBO, capacity limit of 16 reached during a single frame. New capacity will be 32.
[22:47:36] [Render thread/INFO] (Minecraft) Resizing Chunk Sections UBO, capacity limit of 32 reached during a single frame. New capacity will be 64.
[22:47:36] [Render thread/INFO] (Minecraft) Resizing Dynamic Transforms UBO, capacity limit of 8 reached during a single frame. New capacity will be 16.
[22:47:36] [pool-4-thread-1/INFO] (bardrock-client) Sent telemetry data: {"dimension":"minecraft:overworld","biome":"minecraft:plains","x":-5,"y":70,"z":25,"health":20.0,"maxHealth":20.0,"timeOfDay":392}
[22:47:36] [Render thread/INFO] (Minecraft) Resizing Chunk Sections UBO, capacity limit of 64 reached during a single frame. New capacity will be 128.
[22:47:37] [Render thread/INFO] (Minecraft) Resizing Chunk Sections UBO, capacity limit of 128 reached during a single frame. New capacity will be 256.
[22:47:37] [pool-4-thread-1/INFO] (bardrock-client) Sent telemetry data: {"dimension":"minecraft:overworld","biome":"minecraft:plains","x":-5,"y":70,"z":25,"health":20.0,"maxHealth":20.0,"timeOfDay":410}
[22:47:38] [Render thread/INFO] (Minecraft) Resizing Chunk Sections UBO, capacity limit of 256 reached during a single frame. New capacity will be 512.
[22:47:38] [pool-4-thread-1/INFO] (bardrock-client) Sent telemetry data: {"dimension":"minecraft:overworld","biome":"minecraft:plains","x":-5,"y":70,"z":25,"health":20.0,"maxHealth":20.0,"timeOfDay":432}
[22:47:39] [pool-4-thread-1/INFO] (bardrock-client) Sent telemetry data: {"dimension":"minecraft:overworld","biome":"minecraft:plains","x":-5,"y":70,"z":25,"health":20.0,"maxHealth":20.0,"timeOfDay":452}
[22:47:40] [pool-4-thread-1/INFO] (bardrock-client) Sent telemetry data: {"dimension":"minecraft:overworld","biome":"minecraft:plains","x":-7,"y":69,"z":25,"health":20.0,"maxHealth":20.0,"timeOfDay":473}
[22:47:41] [pool-4-thread-1/INFO] (bardrock-client) Sent telemetry data: {"dimension":"minecraft:overworld","biome":"minecraft:plains","x":-11,"y":69,"z":24,"health":20.0,"maxHealth":20.0,"timeOfDay":493}
[22:47:42] [pool-4-thread-1/INFO] (bardrock-client) Sent telemetry data: {"dimension":"minecraft:overworld","biome":"minecraft:plains","x":-15,"y":69,"z":25,"health":20.0,"maxHealth":20.0,"timeOfDay":513}
[22:47:43] [pool-4-thread-1/INFO] (bardrock-client) Sent telemetry data: {"dimension":"minecraft:overworld","biome":"minecraft:plains","x":-19,"y":69,"z":22,"health":20.0,"maxHealth":20.0,"timeOfDay":533}
[22:47:44] [pool-4-thread-1/INFO] (bardrock-client) Sent telemetry data: {"dimension":"minecraft:overworld","biome":"minecraft:plains","x":-20,"y":70,"z":21,"health":20.0,"maxHealth":20.0,"timeOfDay":553}
[22:47:45] [pool-4-thread-1/INFO] (bardrock-client) Sent telemetry data: {"dimension":"minecraft:overworld","biome":"minecraft:plains","x":-23,"y":70,"z":19,"health":20.0,"maxHealth":20.0,"timeOfDay":573}
[22:47:46] [Server thread/INFO] (Minecraft) Saving and pausing game...
[22:47:46] [Server thread/INFO] (Minecraft) Saving chunks for level 'ServerLevel[New World]'/minecraft:overworld
[22:47:46] [Server thread/INFO] (Minecraft) Saving chunks for level 'ServerLevel[New World]'/minecraft:the_nether
[22:47:46] [Server thread/INFO] (Minecraft) Saving chunks for level 'ServerLevel[New World]'/minecraft:the_end
[22:47:46] [pool-4-thread-1/INFO] (bardrock-client) Sent telemetry data: {"dimension":"minecraft:overworld","biome":"minecraft:plains","x":-23,"y":70,"z":19,"health":20.0,"maxHealth":20.0,"timeOfDay":582}
[22:47:47] [pool-4-thread-1/INFO] (bardrock-client) Sent telemetry data: {"dimension":"minecraft:overworld","biome":"minecraft:plains","x":-23,"y":70,"z":19,"health":20.0,"maxHealth":20.0,"timeOfDay":602}
[22:47:48] [pool-4-thread-1/INFO] (bardrock-client) Sent telemetry data: {"dimension":"minecraft:overworld","biome":"minecraft:plains","x":-23,"y":70,"z":19,"health":20.0,"maxHealth":20.0,"timeOfDay":622}
[22:47:49] [pool-4-thread-1/INFO] (bardrock-client) Sent telemetry data: {"dimension":"minecraft:overworld","biome":"minecraft:plains","x":-23,"y":70,"z":19,"health":20.0,"maxHealth":20.0,"timeOfDay":642}
[22:47:50] [pool-4-thread-1/INFO] (bardrock-client) Sent telemetry data: {"dimension":"minecraft:overworld","biome":"minecraft:plains","x":-23,"y":70,"z":19,"health":20.0,"maxHealth":20.0,"timeOfDay":662}
[22:47:51] [Render thread/INFO] (Minecraft) Resizing Chunk Sections UBO, capacity limit of 512 reached during a single frame. New capacity will be 1024.
[22:47:51] [pool-4-thread-1/INFO] (bardrock-client) Sent telemetry data: {"dimension":"minecraft:overworld","biome":"minecraft:plains","x":-24,"y":70,"z":17,"health":20.0,"maxHealth":20.0,"timeOfDay":682}
[22:47:52] [pool-4-thread-1/INFO] (bardrock-client) Sent telemetry data: {"dimension":"minecraft:overworld","biome":"minecraft:plains","x":-26,"y":70,"z":13,"health":20.0,"maxHealth":20.0,"timeOfDay":702}
[22:47:53] [pool-4-thread-1/INFO] (bardrock-client) Sent telemetry data: {"dimension":"minecraft:overworld","biome":"minecraft:plains","x":-28,"y":69,"z":10,"health":20.0,"maxHealth":20.0,"timeOfDay":722}
[22:47:54] [pool-4-thread-1/INFO] (bardrock-client) Sent telemetry data: {"dimension":"minecraft:overworld","biome":"minecraft:plains","x":-32,"y":70,"z":8,"health":20.0,"maxHealth":20.0,"timeOfDay":742}
[22:47:55] [pool-4-thread-1/INFO] (bardrock-client) Sent telemetry data: {"dimension":"minecraft:overworld","biome":"minecraft:plains","x":-34,"y":69,"z":8,"health":20.0,"maxHealth":20.0,"timeOfDay":764}
[22:47:56] [pool-4-thread-1/INFO] (bardrock-client) Sent telemetry data: {"dimension":"minecraft:overworld","biome":"minecraft:plains","x":-35,"y":69,"z":8,"health":20.0,"maxHealth":20.0,"timeOfDay":782}
[22:47:57] [pool-4-thread-1/INFO] (bardrock-client) Sent telemetry data: {"dimension":"minecraft:overworld","biome":"minecraft:plains","x":-35,"y":69,"z":9,"health":20.0,"maxHealth":20.0,"timeOfDay":802}
[22:47:58] [pool-4-thread-1/INFO] (bardrock-client) Sent telemetry data: {"dimension":"minecraft:overworld","biome":"minecraft:plains","x":-35,"y":69,"z":11,"health":20.0,"maxHealth":20.0,"timeOfDay":822}
[22:47:59] [pool-4-thread-1/INFO] (bardrock-client) Sent telemetry data: {"dimension":"minecraft:overworld","biome":"minecraft:plains","x":-35,"y":69,"z":11,"health":20.0,"maxHealth":20.0,"timeOfDay":842}
[22:48:00] [pool-4-thread-1/INFO] (bardrock-client) Sent telemetry data: {"dimension":"minecraft:overworld","biome":"minecraft:plains","x":-35,"y":69,"z":11,"health":20.0,"maxHealth":20.0,"timeOfDay":862}
[22:48:01] [pool-4-thread-1/INFO] (bardrock-client) Sent telemetry data: {"dimension":"minecraft:overworld","biome":"minecraft:plains","x":-36,"y":69,"z":11,"health":20.0,"maxHealth":20.0,"timeOfDay":882}
[22:48:02] [pool-4-thread-1/INFO] (bardrock-client) Sent telemetry data: {"dimension":"minecraft:overworld","biome":"minecraft:plains","x":-36,"y":69,"z":11,"health":20.0,"maxHealth":20.0,"timeOfDay":901}
[22:48:02] [Server thread/INFO] (Minecraft) Saving and pausing game...
[22:48:02] [Server thread/INFO] (Minecraft) Saving chunks for level 'ServerLevel[New World]'/minecraft:overworld
[22:48:02] [Server thread/INFO] (Minecraft) Saving chunks for level 'ServerLevel[New World]'/minecraft:the_nether
[22:48:02] [Server thread/INFO] (Minecraft) Saving chunks for level 'ServerLevel[New World]'/minecraft:the_end
[22:48:03] [pool-4-thread-1/INFO] (bardrock-client) Sent telemetry data: {"dimension":"minecraft:overworld","biome":"minecraft:plains","x":-36,"y":69,"z":11,"health":20.0,"maxHealth":20.0,"timeOfDay":901}
[22:48:04] [pool-4-thread-1/INFO] (bardrock-client) Sent telemetry data: {"dimension":"minecraft:overworld","biome":"minecraft:plains","x":-36,"y":69,"z":11,"health":20.0,"maxHealth":20.0,"timeOfDay":901}
[22:48:05] [pool-4-thread-1/INFO] (bardrock-client) Sent telemetry data: {"dimension":"minecraft:overworld","biome":"minecraft:plains","x":-36,"y":69,"z":11,"health":20.0,"maxHealth":20.0,"timeOfDay":901}
[22:48:06] [pool-4-thread-1/INFO] (bardrock-client) Sent telemetry data: {"dimension":"minecraft:overworld","biome":"minecraft:plains","x":-36,"y":69,"z":11,"health":20.0,"maxHealth":20.0,"timeOfDay":901}
[22:48:07] [pool-4-thread-1/INFO] (bardrock-client) Sent telemetry data: {"dimension":"minecraft:overworld","biome":"minecraft:plains","x":-36,"y":69,"z":11,"health":20.0,"maxHealth":20.0,"timeOfDay":901}
[22:48:08] [pool-4-thread-1/INFO] (bardrock-client) Sent telemetry data: {"dimension":"minecraft:overworld","biome":"minecraft:plains","x":-37,"y":69,"z":11,"health":20.0,"maxHealth":20.0,"timeOfDay":918}
[22:48:09] [Server thread/INFO] (Minecraft) Saving and pausing game...
[22:48:09] [Server thread/INFO] (Minecraft) Saving chunks for level 'ServerLevel[New World]'/minecraft:overworld
[22:48:09] [Server thread/INFO] (Minecraft) Saving chunks for level 'ServerLevel[New World]'/minecraft:the_nether
[22:48:09] [Server thread/INFO] (Minecraft) Saving chunks for level 'ServerLevel[New World]'/minecraft:the_end
[22:48:09] [pool-4-thread-1/INFO] (bardrock-client) Sent telemetry data: {"dimension":"minecraft:overworld","biome":"minecraft:plains","x":-39,"y":69,"z":11,"health":20.0,"maxHealth":20.0,"timeOfDay":926}
[22:48:10] [pool-4-thread-1/INFO] (bardrock-client) Sent telemetry data: {"dimension":"minecraft:overworld","biome":"minecraft:plains","x":-41,"y":70,"z":11,"health":20.0,"maxHealth":20.0,"timeOfDay":943}
[22:48:11] [pool-4-thread-1/INFO] (bardrock-client) Sent telemetry data: {"dimension":"minecraft:overworld","biome":"minecraft:plains","x":-44,"y":72,"z":11,"health":20.0,"maxHealth":20.0,"timeOfDay":963}
[22:48:12] [Server thread/INFO] (Minecraft) Saving and pausing game...
[22:48:12] [Server thread/INFO] (Minecraft) Saving chunks for level 'ServerLevel[New World]'/minecraft:overworld
[22:48:12] [Server thread/INFO] (Minecraft) Saving chunks for level 'ServerLevel[New World]'/minecraft:the_nether
[22:48:12] [Server thread/INFO] (Minecraft) Saving chunks for level 'ServerLevel[New World]'/minecraft:the_end
[22:48:12] [pool-4-thread-1/INFO] (bardrock-client) Sent telemetry data: {"dimension":"minecraft:overworld","biome":"minecraft:plains","x":-46,"y":72,"z":12,"health":20.0,"maxHealth":20.0,"timeOfDay":978}
[22:48:13] [pool-4-thread-1/INFO] (bardrock-client) Sent telemetry data: {"dimension":"minecraft:overworld","biome":"minecraft:plains","x":-46,"y":72,"z":12,"health":20.0,"maxHealth":20.0,"timeOfDay":978}
[22:48:14] [pool-4-thread-1/INFO] (bardrock-client) Sent telemetry data: {"dimension":"minecraft:overworld","biome":"minecraft:plains","x":-46,"y":72,"z":12,"health":20.0,"maxHealth":20.0,"timeOfDay":980}
[22:48:15] [pool-4-thread-1/INFO] (bardrock-client) Sent telemetry data: {"dimension":"minecraft:overworld","biome":"minecraft:plains","x":-48,"y":72,"z":12,"health":20.0,"maxHealth":20.0,"timeOfDay":1000}
[22:48:16] [pool-4-thread-1/INFO] (bardrock-client) Sent telemetry data: {"dimension":"minecraft:overworld","biome":"minecraft:plains","x":-51,"y":71,"z":13,"health":20.0,"maxHealth":20.0,"timeOfDay":1020}
[22:48:17] [pool-4-thread-1/INFO] (bardrock-client) Sent telemetry data: {"dimension":"minecraft:overworld","biome":"minecraft:plains","x":-55,"y":70,"z":14,"health":20.0,"maxHealth":20.0,"timeOfDay":1040}
[22:48:18] [pool-4-thread-1/INFO] (bardrock-client) Sent telemetry data: {"dimension":"minecraft:overworld","biome":"minecraft:plains","x":-59,"y":70,"z":16,"health":20.0,"maxHealth":20.0,"timeOfDay":1060}
[22:48:19] [pool-4-thread-1/INFO] (bardrock-client) Sent telemetry data: {"dimension":"minecraft:overworld","biome":"minecraft:plains","x":-63,"y":70,"z":17,"health":20.0,"maxHealth":20.0,"timeOfDay":1080}
[22:48:20] [pool-4-thread-1/INFO] (bardrock-client) Sent telemetry data: {"dimension":"minecraft:overworld","biome":"minecraft:plains","x":-66,"y":71,"z":19,"health":20.0,"maxHealth":20.0,"timeOfDay":1100}
[22:48:21] [pool-4-thread-1/INFO] (bardrock-client) Sent telemetry data: {"dimension":"minecraft:overworld","biome":"minecraft:plains","x":-69,"y":72,"z":19,"health":20.0,"maxHealth":20.0,"timeOfDay":1120}
[22:48:22] [pool-4-thread-1/INFO] (bardrock-client) Sent telemetry data: {"dimension":"minecraft:overworld","biome":"minecraft:plains","x":-71,"y":70,"z":19,"health":20.0,"maxHealth":20.0,"timeOfDay":1140}
[22:48:23] [pool-4-thread-1/INFO] (bardrock-client) Sent telemetry data: {"dimension":"minecraft:overworld","biome":"minecraft:plains","x":-70,"y":69,"z":19,"health":20.0,"maxHealth":20.0,"timeOfDay":1160}
[22:48:24] [pool-4-thread-1/INFO] (bardrock-client) Sent telemetry data: {"dimension":"minecraft:overworld","biome":"minecraft:plains","x":-70,"y":69,"z":19,"health":20.0,"maxHealth":20.0,"timeOfDay":1180}
[22:48:25] [pool-4-thread-1/INFO] (bardrock-client) Sent telemetry data: {"dimension":"minecraft:overworld","biome":"minecraft:plains","x":-71,"y":70,"z":19,"health":20.0,"maxHealth":20.0,"timeOfDay":1200}
[22:48:26] [pool-4-thread-1/INFO] (bardrock-client) Sent telemetry data: {"dimension":"minecraft:overworld","biome":"minecraft:plains","x":-71,"y":69,"z":19,"health":20.0,"maxHealth":20.0,"timeOfDay":1220}
[22:48:27] [pool-4-thread-1/INFO] (bardrock-client) Sent telemetry data: {"dimension":"minecraft:overworld","biome":"minecraft:plains","x":-71,"y":69,"z":19,"health":20.0,"maxHealth":20.0,"timeOfDay":1240}
[22:48:28] [pool-4-thread-1/INFO] (bardrock-client) Sent telemetry data: {"dimension":"minecraft:overworld","biome":"minecraft:plains","x":-71,"y":69,"z":20,"health":20.0,"maxHealth":20.0,"timeOfDay":1260}
[22:48:29] [pool-4-thread-1/INFO] (bardrock-client) Sent telemetry data: {"dimension":"minecraft:overworld","biome":"minecraft:plains","x":-69,"y":69,"z":19,"health":20.0,"maxHealth":20.0,"timeOfDay":1280}
[22:48:30] [pool-4-thread-1/INFO] (bardrock-client) Sent telemetry data: {"dimension":"minecraft:overworld","biome":"minecraft:plains","x":-69,"y":69,"z":17,"health":20.0,"maxHealth":20.0,"timeOfDay":1300}
[22:48:31] [pool-4-thread-1/INFO] (bardrock-client) Sent telemetry data: {"dimension":"minecraft:overworld","biome":"minecraft:plains","x":-69,"y":69,"z":17,"health":20.0,"maxHealth":20.0,"timeOfDay":1320}
[22:48:32] [pool-4-thread-1/INFO] (bardrock-client) Sent telemetry data: {"dimension":"minecraft:overworld","biome":"minecraft:plains","x":-69,"y":69,"z":17,"health":20.0,"maxHealth":20.0,"timeOfDay":1340}
[22:48:33] [pool-4-thread-1/INFO] (bardrock-client) Sent telemetry data: {"dimension":"minecraft:overworld","biome":"minecraft:plains","x":-69,"y":70,"z":14,"health":20.0,"maxHealth":20.0,"timeOfDay":1360}
[22:48:34] [pool-4-thread-1/INFO] (bardrock-client) Sent telemetry data: {"dimension":"minecraft:overworld","biome":"minecraft:plains","x":-70,"y":70,"z":11,"health":20.0,"maxHealth":20.0,"timeOfDay":1380}
[22:48:35] [pool-4-thread-1/INFO] (bardrock-client) Sent telemetry data: {"dimension":"minecraft:overworld","biome":"minecraft:plains","x":-70,"y":70,"z":11,"health":20.0,"maxHealth":20.0,"timeOfDay":1400}
[22:48:36] [pool-4-thread-1/INFO] (bardrock-client) Sent telemetry data: {"dimension":"minecraft:overworld","biome":"minecraft:plains","x":-70,"y":70,"z":11,"health":20.0,"maxHealth":20.0,"timeOfDay":1420}
[22:48:37] [Server thread/INFO] (Minecraft) Saving and pausing game...
[22:48:37] [Server thread/INFO] (Minecraft) Saving chunks for level 'ServerLevel[New World]'/minecraft:overworld
[22:48:37] [Server thread/INFO] (Minecraft) Saving chunks for level 'ServerLevel[New World]'/minecraft:the_nether
[22:48:37] [Server thread/INFO] (Minecraft) Saving chunks for level 'ServerLevel[New World]'/minecraft:the_end
[22:48:37] [pool-4-thread-1/INFO] (bardrock-client) Sent telemetry data: {"dimension":"minecraft:overworld","biome":"minecraft:plains","x":-70,"y":70,"z":11,"health":20.0,"maxHealth":20.0,"timeOfDay":1422}
[22:48:38] [pool-4-thread-1/INFO] (bardrock-client) Sent telemetry data: {"dimension":"minecraft:overworld","biome":"minecraft:plains","x":-70,"y":70,"z":11,"health":20.0,"maxHealth":20.0,"timeOfDay":1422}
[22:48:39] [pool-4-thread-1/INFO] (bardrock-client) Sent telemetry data: {"dimension":"minecraft:overworld","biome":"minecraft:plains","x":-70,"y":70,"z":11,"health":20.0,"maxHealth":20.0,"timeOfDay":1422}
[22:48:40] [pool-4-thread-1/INFO] (bardrock-client) Sent telemetry data: {"dimension":"minecraft:overworld","biome":"minecraft:plains","x":-70,"y":70,"z":11,"health":20.0,"maxHealth":20.0,"timeOfDay":1422}
[22:48:41] [pool-4-thread-1/INFO] (bardrock-client) Sent telemetry data: {"dimension":"minecraft:overworld","biome":"minecraft:plains","x":-70,"y":70,"z":11,"health":20.0,"maxHealth":20.0,"timeOfDay":1422}
[22:48:42] [pool-4-thread-1/INFO] (bardrock-client) Sent telemetry data: {"dimension":"minecraft:overworld","biome":"minecraft:plains","x":-70,"y":70,"z":11,"health":20.0,"maxHealth":20.0,"timeOfDay":1422}
[22:48:43] [pool-4-thread-1/INFO] (bardrock-client) Sent telemetry data: {"dimension":"minecraft:overworld","biome":"minecraft:plains","x":-70,"y":70,"z":11,"health":20.0,"maxHealth":20.0,"timeOfDay":1422}
[22:48:44] [pool-4-thread-1/INFO] (bardrock-client) Sent telemetry data: {"dimension":"minecraft:overworld","biome":"minecraft:plains","x":-70,"y":70,"z":11,"health":20.0,"maxHealth":20.0,"timeOfDay":1422}
[22:48:45] [pool-4-thread-1/INFO] (bardrock-client) Sent telemetry data: {"dimension":"minecraft:overworld","biome":"minecraft:plains","x":-70,"y":70,"z":11,"health":20.0,"maxHealth":20.0,"timeOfDay":1422}
[22:48:46] [pool-4-thread-1/INFO] (bardrock-client) Sent telemetry data: {"dimension":"minecraft:overworld","biome":"minecraft:plains","x":-70,"y":70,"z":11,"health":20.0,"maxHealth":20.0,"timeOfDay":1422}
[22:48:47] [pool-4-thread-1/INFO] (bardrock-client) Sent telemetry data: {"dimension":"minecraft:overworld","biome":"minecraft:plains","x":-70,"y":70,"z":11,"health":20.0,"maxHealth":20.0,"timeOfDay":1422}
[22:48:48] [pool-4-thread-1/INFO] (bardrock-client) Sent telemetry data: {"dimension":"minecraft:overworld","biome":"minecraft:plains","x":-70,"y":70,"z":11,"health":20.0,"maxHealth":20.0,"timeOfDay":1422}
[22:48:49] [pool-4-thread-1/INFO] (bardrock-client) Sent telemetry data: {"dimension":"minecraft:overworld","biome":"minecraft:plains","x":-70,"y":70,"z":11,"health":20.0,"maxHealth":20.0,"timeOfDay":1422}
[22:48:50] [pool-4-thread-1/INFO] (bardrock-client) Sent telemetry data: {"dimension":"minecraft:overworld","biome":"minecraft:plains","x":-70,"y":70,"z":11,"health":20.0,"maxHealth":20.0,"timeOfDay":1422}
[22:48:51] [pool-4-thread-1/INFO] (bardrock-client) Sent telemetry data: {"dimension":"minecraft:overworld","biome":"minecraft:plains","x":-70,"y":70,"z":11,"health":20.0,"maxHealth":20.0,"timeOfDay":1422}
[22:48:52] [pool-4-thread-1/INFO] (bardrock-client) Sent telemetry data: {"dimension":"minecraft:overworld","biome":"minecraft:plains","x":-70,"y":70,"z":11,"health":20.0,"maxHealth":20.0,"timeOfDay":1422}
[22:48:53] [pool-4-thread-1/INFO] (bardrock-client) Sent telemetry data: {"dimension":"minecraft:overworld","biome":"minecraft:plains","x":-70,"y":70,"z":11,"health":20.0,"maxHealth":20.0,"timeOfDay":1422}
[22:48:54] [pool-4-thread-1/INFO] (bardrock-client) Sent telemetry data: {"dimension":"minecraft:overworld","biome":"minecraft:plains","x":-70,"y":70,"z":11,"health":20.0,"maxHealth":20.0,"timeOfDay":1422}
[22:48:55] [pool-4-thread-1/INFO] (bardrock-client) Sent telemetry data: {"dimension":"minecraft:overworld","biome":"minecraft:plains","x":-70,"y":70,"z":11,"health":20.0,"maxHealth":20.0,"timeOfDay":1422}
[22:48:56] [pool-4-thread-1/INFO] (bardrock-client) Sent telemetry data: {"dimension":"minecraft:overworld","biome":"minecraft:plains","x":-70,"y":70,"z":11,"health":20.0,"maxHealth":20.0,"timeOfDay":1422}
[22:48:57] [pool-4-thread-1/INFO] (bardrock-client) Sent telemetry data: {"dimension":"minecraft:overworld","biome":"minecraft:plains","x":-70,"y":70,"z":11,"health":20.0,"maxHealth":20.0,"timeOfDay":1422}
[22:48:58] [Server thread/INFO] (Minecraft) Player919 lost connection: Disconnected
[22:48:58] [Server thread/INFO] (Minecraft) Player919 left the game
[22:48:58] [Server thread/INFO] (Minecraft) Stopping singleplayer server as player logged out
[22:48:58] [Server thread/INFO] (Minecraft) Stopping server
[22:48:58] [Server thread/INFO] (Minecraft) Saving players
[22:48:58] [Server thread/INFO] (Minecraft) Saving worlds
[22:48:58] [Server thread/INFO] (Minecraft) Saving chunks for level 'ServerLevel[New World]'/minecraft:overworld
[22:48:59] [Server thread/INFO] (Minecraft) Saving chunks for level 'ServerLevel[New World]'/minecraft:the_nether
[22:48:59] [Server thread/INFO] (Minecraft) Saving chunks for level 'ServerLevel[New World]'/minecraft:the_end
[22:49:00] [Server thread/INFO] (Minecraft) ThreadedAnvilChunkStorage (New World): All chunks are saved
[22:49:00] [Server thread/INFO] (Minecraft) ThreadedAnvilChunkStorage (DIM-1): All chunks are saved
[22:49:00] [Server thread/INFO] (Minecraft) ThreadedAnvilChunkStorage (DIM1): All chunks are saved
[22:49:00] [Server thread/INFO] (Minecraft) ThreadedAnvilChunkStorage: All dimensions are saved
[22:49:01] [Render thread/INFO] (Minecraft) Stopping!
